<?xml version="1.0" encoding="UTF-8"?>
<!-- Generated by org.testng.reporters.JUnitXMLReporter -->
<testsuite hostname="HIGURP78024" ignored="0" name="test" tests="3" failures="1" timestamp="2020-03-25T17:21:17 IST" time="64.811" errors="0">
  <testcase name="validateTag" time="0.07" classname="com.snapdeal.testcases.HomePageTest">
    <failure type="java.lang.AssertionError" message="expected [India&amp;apos;sFastestOnlineShoppingDestination] but found []">
      <![CDATA[java.lang.AssertionError: expected [India'sFastestOnlineShoppingDestination] but found []
at com.snapdeal.testcases.HomePageTest.validateTag(HomePageTest.java:44)
at java.util.ArrayList.forEach(ArrayList.java:1257)
... Removed 32 stack frames]]>
    </failure>
  </testcase> <!-- validateTag -->
  <testcase name="validatePageTitle" time="0.03" classname="com.snapdeal.testcases.HomePageTest"/>
  <testcase name="selectProduct" time="15.859" classname="com.snapdeal.testcases.HomePageTest"/>
</testsuite> <!-- test -->
