<?xml version="1.0" encoding="UTF-8"?>
<!-- Generated by org.testng.reporters.JUnitXMLReporter -->
<testsuite hostname="HIGURP78024" ignored="0" name="Command line test" tests="8" failures="0" timestamp="2020-03-26T13:14:37 IST" time="0.075" errors="0">
  <testcase name="@BeforeTest browserInvoke" time="-1.585208677087E9" classname="com.snapdeal.testcases.HomePageTest">
    <failure type="org.testng.TestNGException" message="
Parameter &amp;apos;browser&amp;apos; is required by BeforeTest on method browserInvoke but has not been marked @Optional or defined
">
      <![CDATA[org.testng.TestNGException: 
Parameter 'browser' is required by BeforeTest on method browserInvoke but has not been marked @Optional or defined

... Removed 31 stack frames]]>
    </failure>
  </testcase> <!-- @BeforeTest browserInvoke -->
  <testcase name="@BeforeTest browserInitiate" time="-1.585208677099E9" classname="com.snapdeal.testcases.LoginTest">
    <skipped/>
  </testcase> <!-- @BeforeTest browserInitiate -->
  <testcase name="@BeforeMethod setUp" time="-1.585208677149E9" classname="com.snapdeal.testcases.ProductTest">
    <skipped/>
  </testcase> <!-- @BeforeMethod setUp -->
  <testcase name="@AfterMethod tearDown" time="-1.58520867715E9" classname="com.snapdeal.testcases.ProductTest">
    <skipped/>
  </testcase> <!-- @AfterMethod tearDown -->
  <testcase name="@BeforeMethod setUp" time="-1.58520867715E9" classname="com.snapdeal.testcases.ProfileUpdateTest">
    <skipped/>
  </testcase> <!-- @BeforeMethod setUp -->
  <testcase name="@AfterTest tearDown" time="-1.585208677151E9" classname="com.snapdeal.testcases.HomePageTest">
    <skipped/>
  </testcase> <!-- @AfterTest tearDown -->
  <testcase name="@AfterTest quit" time="-1.585208677151E9" classname="com.snapdeal.testcases.LoginTest">
    <skipped/>
  </testcase> <!-- @AfterTest quit -->
  <testcase name="validateTag" time="0.0" classname="com.snapdeal.testcases.HomePageTest">
    <skipped/>
  </testcase> <!-- validateTag -->
  <testcase name="validatePageTitle" time="0.0" classname="com.snapdeal.testcases.HomePageTest">
    <skipped/>
  </testcase> <!-- validatePageTitle -->
  <testcase name="selectProduct" time="0.0" classname="com.snapdeal.testcases.HomePageTest">
    <skipped/>
  </testcase> <!-- selectProduct -->
  <testcase name="checkScrollDown" time="0.0" classname="com.snapdeal.testcases.LoginTest">
    <skipped/>
  </testcase> <!-- checkScrollDown -->
  <testcase name="validateTitle" time="0.0" classname="com.snapdeal.testcases.LoginTest">
    <skipped/>
  </testcase> <!-- validateTitle -->
  <testcase name="validateUserLogin" time="0.0" classname="com.snapdeal.testcases.LoginTest">
    <skipped/>
  </testcase> <!-- validateUserLogin -->
  <testcase name="addingInCart" time="0.0" classname="com.snapdeal.testcases.ProductTest">
    <skipped/>
  </testcase> <!-- addingInCart -->
  <testcase name="addressUpdate" time="0.0" classname="com.snapdeal.testcases.ProfileUpdateTest">
    <skipped/>
  </testcase> <!-- addressUpdate -->
</testsuite> <!-- Command line test -->
