<!DOCTYPE html PUBLIC "-//W3C//DTD XHTML 1.1//EN" "http://www.w3.org/TR/xhtml11/DTD/xhtml11.dtd">
<html xmlns="http://www.w3.org/1999/xhtml">
<head>
<meta http-equiv="content-type" content="text/html; charset=UTF-8"/>
<title>TestNG Report</title>
<style type="text/css">table {margin-bottom:10px;border-collapse:collapse;empty-cells:show}th,td {border:1px solid #009;padding:.25em .5em}th {vertical-align:bottom}td {vertical-align:top}table a {font-weight:bold}.stripe td {background-color: #E6EBF9}.num {text-align:right}.passedodd td {background-color: #3F3}.passedeven td {background-color: #0A0}.skippedodd td {background-color: #DDD}.skippedeven td {background-color: #CCC}.failedodd td,.attn {background-color: #F33}.failedeven td,.stripe .attn {background-color: #D00}.stacktrace {white-space:pre;font-family:monospace}.totop {font-size:85%;text-align:center;border-bottom:2px solid #000}.invisible {display:none}</style>
</head>
<body>
<table>
<tr><th>Test</th><th># Passed</th><th># Skipped</th><th># Retried</th><th># Failed</th><th>Time (ms)</th><th>Included Groups</th><th>Excluded Groups</th></tr>
<tr><th colspan="8">Command line suite</th></tr>
<tr><td><a href="#t0">Command line test</a></td><td class="num">0</td><td class="num attn">8</td><td class="num">0</td><td class="num">0</td><td class="num">75</td><td></td><td></td></tr>
</table>
<table id='summary'><thead><tr><th>Class</th><th>Method</th><th>Start</th><th>Time (ms)</th></tr></thead><tbody><tr><th colspan="4">Command line suite</th></tr></tbody><tbody id="t0"><tr><th colspan="4">Command line test &#8212; failed (configuration methods)</th></tr><tr class="failedeven"><td rowspan="1">com.snapdeal.testcases.HomePageTest</td><td><a href="#m0">browserInvoke</a></td><td rowspan="1">1585208677087</td><td rowspan="1">-1585208677087</td></tr><tr><th colspan="4">Command line test &#8212; skipped (configuration methods)</th></tr><tr class="skippedeven"><td rowspan="1">com.snapdeal.testcases.HomePageTest</td><td><a href="#m1">tearDown</a></td><td rowspan="1">1585208677151</td><td rowspan="1">-1585208677151</td></tr><tr class="skippedodd"><td rowspan="2">com.snapdeal.testcases.LoginTest</td><td><a href="#m2">browserInitiate</a></td><td rowspan="1">1585208677099</td><td rowspan="1">-1585208677099</td></tr><tr class="skippedodd"><td><a href="#m3">quit</a></td><td rowspan="1">1585208677151</td><td rowspan="1">-1585208677151</td></tr><tr class="skippedeven"><td rowspan="2">com.snapdeal.testcases.ProductTest</td><td><a href="#m4">setUp</a></td><td rowspan="1">1585208677149</td><td rowspan="1">-1585208677149</td></tr><tr class="skippedeven"><td><a href="#m5">tearDown</a></td><td rowspan="1">1585208677150</td><td rowspan="1">-1585208677150</td></tr><tr class="skippedodd"><td rowspan="2">com.snapdeal.testcases.ProfileUpdateTest</td><td><a href="#m6">setUp</a></td><td rowspan="1">1585208677150</td><td rowspan="1">-1585208677150</td></tr><tr class="skippedodd"><td><a href="#m7">tearDown</a></td><td rowspan="1">1585208677232</td><td rowspan="1">-1585208677232</td></tr><tr><th colspan="4">Command line test &#8212; skipped</th></tr><tr class="skippedeven"><td rowspan="3">com.snapdeal.testcases.HomePageTest</td><td><a href="#m8">selectProduct</a></td><td rowspan="1">1585208677143</td><td rowspan="1">0</td></tr><tr class="skippedeven"><td><a href="#m9">validatePageTitle</a></td><td rowspan="1">1585208677142</td><td rowspan="1">0</td></tr><tr class="skippedeven"><td><a href="#m10">validateTag</a></td><td rowspan="1">1585208677138</td><td rowspan="1">0</td></tr><tr class="skippedodd"><td rowspan="3">com.snapdeal.testcases.LoginTest</td><td><a href="#m11">checkScrollDown</a></td><td rowspan="1">1585208677144</td><td rowspan="1">0</td></tr><tr class="skippedodd"><td><a href="#m12">validateTitle</a></td><td rowspan="1">1585208677145</td><td rowspan="1">0</td></tr><tr class="skippedodd"><td><a href="#m13">validateUserLogin</a></td><td rowspan="1">1585208677147</td><td rowspan="1">0</td></tr><tr class="skippedeven"><td rowspan="1">com.snapdeal.testcases.ProductTest</td><td><a href="#m14">addingInCart</a></td><td rowspan="1">1585208677149</td><td rowspan="1">0</td></tr><tr class="skippedodd"><td rowspan="1">com.snapdeal.testcases.ProfileUpdateTest</td><td><a href="#m15">addressUpdate</a></td><td rowspan="1">1585208677150</td><td rowspan="1">0</td></tr></tbody>
</table>
<h2>Command line test</h2><h3 id="m0">com.snapdeal.testcases.HomePageTest#browserInvoke</h3><table class="result"><tr><th>Exception</th></tr><tr><td><div class="stacktrace">org.testng.TestNGException: 
Parameter &apos;browser&apos; is required by BeforeTest on method browserInvoke but has not been marked @Optional or defined

... Removed 31 stack frames</div></td></tr></table><p class="totop"><a href="#summary">back to summary</a></p>
<h3 id="m1">com.snapdeal.testcases.HomePageTest#tearDown</h3><table class="result"><tr><th class="invisible"/></tr></table><p class="totop"><a href="#summary">back to summary</a></p>
<h3 id="m2">com.snapdeal.testcases.LoginTest#browserInitiate</h3><table class="result"><tr><th class="invisible"/></tr></table><p class="totop"><a href="#summary">back to summary</a></p>
<h3 id="m3">com.snapdeal.testcases.LoginTest#quit</h3><table class="result"><tr><th class="invisible"/></tr></table><p class="totop"><a href="#summary">back to summary</a></p>
<h3 id="m4">com.snapdeal.testcases.ProductTest#setUp</h3><table class="result"><tr><th class="invisible"/></tr></table><p class="totop"><a href="#summary">back to summary</a></p>
<h3 id="m5">com.snapdeal.testcases.ProductTest#tearDown</h3><table class="result"><tr><th class="invisible"/></tr></table><p class="totop"><a href="#summary">back to summary</a></p>
<h3 id="m6">com.snapdeal.testcases.ProfileUpdateTest#setUp</h3><table class="result"><tr><th class="invisible"/></tr></table><p class="totop"><a href="#summary">back to summary</a></p>
<h3 id="m7">com.snapdeal.testcases.ProfileUpdateTest#tearDown</h3><table class="result"><tr><th class="invisible"/></tr></table><p class="totop"><a href="#summary">back to summary</a></p>
<h3 id="m8">com.snapdeal.testcases.HomePageTest#selectProduct</h3><table class="result"><tr><th>Exception</th></tr><tr><td><div class="stacktrace">org.testng.TestNGException: 
Parameter &apos;browser&apos; is required by BeforeTest on method browserInvoke but has not been marked @Optional or defined

... Removed 31 stack frames</div></td></tr></table><p class="totop"><a href="#summary">back to summary</a></p>
<h3 id="m9">com.snapdeal.testcases.HomePageTest#validatePageTitle</h3><table class="result"><tr><th>Exception</th></tr><tr><td><div class="stacktrace">org.testng.TestNGException: 
Parameter &apos;browser&apos; is required by BeforeTest on method browserInvoke but has not been marked @Optional or defined

... Removed 31 stack frames</div></td></tr></table><p class="totop"><a href="#summary">back to summary</a></p>
<h3 id="m10">com.snapdeal.testcases.HomePageTest#validateTag</h3><table class="result"><tr><th>Exception</th></tr><tr><td><div class="stacktrace">org.testng.TestNGException: 
Parameter &apos;browser&apos; is required by BeforeTest on method browserInvoke but has not been marked @Optional or defined

... Removed 31 stack frames</div></td></tr></table><p class="totop"><a href="#summary">back to summary</a></p>
<h3 id="m11">com.snapdeal.testcases.LoginTest#checkScrollDown</h3><table class="result"><tr><th>Exception</th></tr><tr><td><div class="stacktrace">org.testng.TestNGException: 
Parameter &apos;browser&apos; is required by BeforeTest on method browserInvoke but has not been marked @Optional or defined

... Removed 31 stack frames</div></td></tr></table><p class="totop"><a href="#summary">back to summary</a></p>
<h3 id="m12">com.snapdeal.testcases.LoginTest#validateTitle</h3><table class="result"><tr><th>Exception</th></tr><tr><td><div class="stacktrace">org.testng.TestNGException: 
Parameter &apos;browser&apos; is required by BeforeTest on method browserInvoke but has not been marked @Optional or defined

... Removed 31 stack frames</div></td></tr></table><p class="totop"><a href="#summary">back to summary</a></p>
<h3 id="m13">com.snapdeal.testcases.LoginTest#validateUserLogin</h3><table class="result"><tr><th>Exception</th></tr><tr><td><div class="stacktrace">org.testng.TestNGException: 
Parameter &apos;browser&apos; is required by BeforeTest on method browserInvoke but has not been marked @Optional or defined

... Removed 31 stack frames</div></td></tr></table><p class="totop"><a href="#summary">back to summary</a></p>
<h3 id="m14">com.snapdeal.testcases.ProductTest#addingInCart</h3><table class="result"><tr><th>Exception</th></tr><tr><td><div class="stacktrace">org.testng.TestNGException: 
Parameter &apos;browser&apos; is required by BeforeTest on method browserInvoke but has not been marked @Optional or defined

... Removed 31 stack frames</div></td></tr></table><p class="totop"><a href="#summary">back to summary</a></p>
<h3 id="m15">com.snapdeal.testcases.ProfileUpdateTest#addressUpdate</h3><table class="result"><tr><th>Exception</th></tr><tr><td><div class="stacktrace">org.testng.TestNGException: 
Parameter &apos;browser&apos; is required by BeforeTest on method browserInvoke but has not been marked @Optional or defined

... Removed 31 stack frames</div></td></tr></table><p class="totop"><a href="#summary">back to summary</a></p>
</body>
</html>
